<?xml version="1.0" encoding="utf-8"?>
<TestRun id="c99bd440-baea-4b8f-a4e5-797653b215be" name="runneradmin@runnervmg7671 2026-08-23 14:11:59" runUser="runnervmg7671\runneradmin" xmlns="http://microsoft.com/schemas/VisualStudio/TeamTest/2010">
  <Times creation="2026-08-23T14:11:59.6451661+00:00" queuing="2026-08-23T14:11:59.6451663+00:00" start="2026-08-23T14:11:57.6911275+00:00" finish="2026-08-23T14:11:59.7472693+00:00" />
  <TestSettings name="default" id="3f33360c-5a74-4378-a35a-7c5d89ed4939">
    <Deployment runDeploymentRoot="runneradmin_runnervmg7671_2026-08-23_14_11_59" />
  </TestSettings>
  <Results>
    <UnitTestResult executionId="8c442c70-1ba0-4dcb-ad35-1fd75058c389" testId="193e6af3-fb8f-be37-8f59-2810ba66f6a6" testName="DeskBox.Tests.Arm64NativeRuntimeGateTests.OptInGate_LoadsBothArm64ModulesAndExecutesSearchCoreProductCall" computerName="runnervmg7671" duration="00:00:00.0157095" startTime="2026-08-23T14:11:59.6316253+00:00" endTime="2026-08-23T14:11:59.6316257+00:00" testType="13cdc9d9-ddb5-4fa4-a97d-d965ccfc6d4b" outcome="Passed" testListId="8c84fa94-04c1-424b-9868-57a2d4851a1d" relativeResultsDirectory="8c442c70-1ba0-4dcb-ad35-1fd75058c389" />
    <UnitTestResult executionId="9672173d-c913-41c9-a788-786273617e09" testId="2bccc951-a98c-9196-6f1d-28ebc909a021" testName="DeskBox.Tests.SearchCoreNativeBackendTests.DbixFailure_NeverExposesPartialHandleOrInvalidatesOpenedIndex" computerName="runnervmg7671" duration="00:00:00.0068126" startTime="2026-08-23T14:11:59.5268584+00:00" endTime="2026-08-23T14:11:59.5268586+00:00" testType="13cdc9d9-ddb5-4fa4-a97d-d965ccfc6d4b" outcome="Passed" testListId="8c84fa94-04c1-424b-9868-57a2d4851a1d" relativeResultsDirectory="9672173d-c913-41c9-a788-786273617e09" />
    <UnitTestResult executionId="3e125345-9629-4a1d-9e99-6495739f279f" testId="e9de495b-8c04-ec06-3adb-5407840796f7" testName="DeskBox.Tests.SearchCoreNativeBackendTests.Loader_RejectsMissingAbsoluteModuleWithoutChangingProductBackend" computerName="runnervmg7671" duration="00:00:00.0013705" startTime="2026-08-23T14:11:59.4762541+00:00" endTime="2026-08-23T14:11:59.4762542+00:00" testType="13cdc9d9-ddb5-4fa4-a97d-d965ccfc6d4b" outcome="Passed" testListId="8c84fa94-04c1-424b-9868-57a2d4851a1d" relativeResultsDirectory="3e125345-9629-4a1d-9e99-6495739f279f" />
    <UnitTestResult executionId="7d8a96ad-5e6d-4b09-aa81-a9eda6019430" testId="c69ad9c8-ec3e-c4df-ca08-40efac74da6d" testName="DeskBox.Tests.SearchCoreNativeBackendTests.AbiV3SaveDbix_PersistsOnlyLiveTransactionStateAndReloads" computerName="runnervmg7671" duration="00:00:00.0425214" startTime="2026-08-23T14:11:59.5695312+00:00" endTime="2026-08-23T14:11:59.5695316+00:00" testType="13cdc9d9-ddb5-4fa4-a97d-d965ccfc6d4b" outcome="Passed" testListId="8c84fa94-04c1-424b-9868-57a2d4851a1d" relativeResultsDirectory="7d8a96ad-5e6d-4b09-aa81-a9eda6019430" />
    <UnitTestResult executionId="1f085c17-5d4d-4cee-a318-16289b62ab50" testId="4be1dceb-506c-281d-5230-3cfd65a3c609" testName="DeskBox.Tests.SearchCoreNativeBackendTests.SealedIndex_DeduplicatesDirectoriesAndDropsBuildOnlyLookupMemory" computerName="runnervmg7671" duration="00:00:00.0402560" startTime="2026-08-23T14:11:59.6191185+00:00" endTime="2026-08-23T14:11:59.6191187+00:00" testType="13cdc9d9-ddb5-4fa4-a97d-d965ccfc6d4b" outcome="Passed" testListId="8c84fa94-04c1-424b-9868-57a2d4851a1d" relativeResultsDirectory="1f085c17-5d4d-4cee-a318-16289b62ab50">
      <Output>
        <StdOut>entries=20,000; directories=1; native-tracked=1,800,124; managed-full-path-utf16-floor=3,320,000; ratio=54.22%</StdOut>
      </Output>
    </UnitTestResult>
    <UnitTestResult executionId="cd7e9620-27a9-4980-8462-e832b0e337ec" testId="0794fdda-6bba-a0a2-da1a-741da3563b26" testName="DeskBox.Tests.SearchCoreNativeBackendTests.AbiV3RecentAndFrequentProjections_MatchManagedIndex" computerName="runnervmg7671" duration="00:00:00.0275964" startTime="2026-08-23T14:11:59.5198986+00:00" endTime="2026-08-23T14:11:59.5198991+00:00" testType="13cdc9d9-ddb5-4fa4-a97d-d965ccfc6d4b" outcome="Passed" testListId="8c84fa94-04c1-424b-9868-57a2d4851a1d" relativeResultsDirectory="cd7e9620-27a9-4980-8462-e832b0e337ec" />
    <UnitTestResult executionId="a6f655b4-cdcd-4c1b-a42c-718b75b4da3c" testId="7a120a74-02d8-162d-d61d-8a3fa2dcba79" testName="DeskBox.Tests.SearchCoreNativeBackendTests.AbiV3Mutation_IsAtomicAndReconcilesStaleTreeWithoutDroppingUpsert" computerName="runnervmg7671" duration="00:00:00.0128807" startTime="2026-08-23T14:11:59.4736235+00:00" endTime="2026-08-23T14:11:59.4736237+00:00" testType="13cdc9d9-ddb5-4fa4-a97d-d965ccfc6d4b" outcome="Passed" testListId="8c84fa94-04c1-424b-9868-57a2d4851a1d" relativeResultsDirectory="a6f655b4-cdcd-4c1b-a42c-718b75b4da3c" />
    <UnitTestResult executionId="9ecf92f7-db5a-4ef1-ab4f-84c56da396c4" testId="b45b111c-eec5-cbec-4e43-ff0e328844aa" testName="DeskBox.Tests.SearchCoreNativeBackendTests.DbixDirectOpen_MatchesManagedResultsWithoutBuildLookup" computerName="runnervmg7671" duration="00:00:00.1663281" startTime="2026-08-23T14:11:59.4569800+00:00" endTime="2026-08-23T14:11:59.4570053+00:00" testType="13cdc9d9-ddb5-4fa4-a97d-d965ccfc6d4b" outcome="Passed" testListId="8c84fa94-04c1-424b-9868-57a2d4851a1d" relativeResultsDirectory="9ecf92f7-db5a-4ef1-ab4f-84c56da396c4" />
    <UnitTestResult executionId="d304c4d3-d3d1-4f1b-8cc1-7817ae60e21e" testId="6d9cd821-963c-7d82-c659-5a3e550372a9" testName="DeskBox.Tests.SearchCoreNativeBackendTests.DbixDirectOpen_HonorsPreCancelledToken" computerName="runnervmg7671" duration="00:00:00.0036475" startTime="2026-08-23T14:11:59.5732856+00:00" endTime="2026-08-23T14:11:59.5732857+00:00" testType="13cdc9d9-ddb5-4fa4-a97d-d965ccfc6d4b" outcome="Passed" testListId="8c84fa94-04c1-424b-9868-57a2d4851a1d" relativeResultsDirectory="d304c4d3-d3d1-4f1b-8cc1-7817ae60e21e" />
    <UnitTestResult executionId="a0253345-02b0-4eeb-acb8-ae708511b9f7" testId="0ad0fcf5-4634-a813-8a40-afad74776b75" testName="DeskBox.Tests.SearchCoreNativeBackendTests.Query_HonorsPreCancelledManagedTokenWithoutEnteringNativeScan" computerName="runnervmg7671" duration="00:00:00.0031211" startTime="2026-08-23T14:11:59.4921790+00:00" endTime="2026-08-23T14:11:59.4921793+00:00" testType="13cdc9d9-ddb5-4fa4-a97d-d965ccfc6d4b" outcome="Passed" testListId="8c84fa94-04c1-424b-9868-57a2d4851a1d" relativeResultsDirectory="a0253345-02b0-4eeb-acb8-ae708511b9f7" />
    <UnitTestResult executionId="6ad3a530-6b57-4b57-b0cb-3f725b487ece" testId="833e7b8a-8d38-bb42-a605-72e5ed42f98e" testName="DeskBox.Tests.SearchCoreNativeBackendTests.RustBackend_MatchesCurrentManagedOrderScoresAndTextProjection" computerName="runnervmg7671" duration="00:00:00.0177629" startTime="2026-08-23T14:11:59.4889453+00:00" endTime="2026-08-23T14:11:59.4889457+00:00" testType="13cdc9d9-ddb5-4fa4-a97d-d965ccfc6d4b" outcome="Passed" testListId="8c84fa94-04c1-424b-9868-57a2d4851a1d" relativeResultsDirectory="6ad3a530-6b57-4b57-b0cb-3f725b487ece" />
  </Results>
  <TestDefinitions>
    <UnitTest name="DeskBox.Tests.SearchCoreNativeBackendTests.DbixFailure_NeverExposesPartialHandleOrInvalidatesOpenedIndex" storage="c:\a\deskbox\deskbox\tests\deskbox.tests\bin\arm64\release\net10.0-windows10.0.22621.0\win-arm64\deskbox.tests.dll" id="2bccc951-a98c-9196-6f1d-28ebc909a021">
      <Execution id="9672173d-c913-41c9-a788-786273617e09" />
      <TestMethod codeBase="C:\a\DeskBox\DeskBox\tests\DeskBox.Tests\bin\ARM64\Release\net10.0-windows10.0.22621.0\win-arm64\DeskBox.Tests.dll" adapterTypeName="executor://xunit/VsTestRunner2/netcoreapp" className="DeskBox.Tests.SearchCoreNativeBackendTests" name="DbixFailure_NeverExposesPartialHandleOrInvalidatesOpenedIndex" />
    </UnitTest>
    <UnitTest name="DeskBox.Tests.SearchCoreNativeBackendTests.DbixDirectOpen_MatchesManagedResultsWithoutBuildLookup" storage="c:\a\deskbox\deskbox\tests\deskbox.tests\bin\arm64\release\net10.0-windows10.0.22621.0\win-arm64\deskbox.tests.dll" id="b45b111c-eec5-cbec-4e43-ff0e328844aa">
      <Execution id="9ecf92f7-db5a-4ef1-ab4f-84c56da396c4" />
      <TestMethod codeBase="C:\a\DeskBox\DeskBox\tests\DeskBox.Tests\bin\ARM64\Release\net10.0-windows10.0.22621.0\win-arm64\DeskBox.Tests.dll" adapterTypeName="executor://xunit/VsTestRunner2/netcoreapp" className="DeskBox.Tests.SearchCoreNativeBackendTests" name="DbixDirectOpen_MatchesManagedResultsWithoutBuildLookup" />
    </UnitTest>
    <UnitTest name="DeskBox.Tests.SearchCoreNativeBackendTests.SealedIndex_DeduplicatesDirectoriesAndDropsBuildOnlyLookupMemory" storage="c:\a\deskbox\deskbox\tests\deskbox.tests\bin\arm64\release\net10.0-windows10.0.22621.0\win-arm64\deskbox.tests.dll" id="4be1dceb-506c-281d-5230-3cfd65a3c609">
      <Execution id="1f085c17-5d4d-4cee-a318-16289b62ab50" />
      <TestMethod codeBase="C:\a\DeskBox\DeskBox\tests\DeskBox.Tests\bin\ARM64\Release\net10.0-windows10.0.22621.0\win-arm64\DeskBox.Tests.dll" adapterTypeName="executor://xunit/VsTestRunner2/netcoreapp" className="DeskBox.Tests.SearchCoreNativeBackendTests" name="SealedIndex_DeduplicatesDirectoriesAndDropsBuildOnlyLookupMemory" />
    </UnitTest>
    <UnitTest name="DeskBox.Tests.SearchCoreNativeBackendTests.AbiV3Mutation_IsAtomicAndReconcilesStaleTreeWithoutDroppingUpsert" storage="c:\a\deskbox\deskbox\tests\deskbox.tests\bin\arm64\release\net10.0-windows10.0.22621.0\win-arm64\deskbox.tests.dll" id="7a120a74-02d8-162d-d61d-8a3fa2dcba79">
      <Execution id="a6f655b4-cdcd-4c1b-a42c-718b75b4da3c" />
      <TestMethod codeBase="C:\a\DeskBox\DeskBox\tests\DeskBox.Tests\bin\ARM64\Release\net10.0-windows10.0.22621.0\win-arm64\DeskBox.Tests.dll" adapterTypeName="executor://xunit/VsTestRunner2/netcoreapp" className="DeskBox.Tests.SearchCoreNativeBackendTests" name="AbiV3Mutation_IsAtomicAndReconcilesStaleTreeWithoutDroppingUpsert" />
    </UnitTest>
    <UnitTest name="DeskBox.Tests.SearchCoreNativeBackendTests.AbiV3RecentAndFrequentProjections_MatchManagedIndex" storage="c:\a\deskbox\deskbox\tests\deskbox.tests\bin\arm64\release\net10.0-windows10.0.22621.0\win-arm64\deskbox.tests.dll" id="0794fdda-6bba-a0a2-da1a-741da3563b26">
      <Execution id="cd7e9620-27a9-4980-8462-e832b0e337ec" />
      <TestMethod codeBase="C:\a\DeskBox\DeskBox\tests\DeskBox.Tests\bin\ARM64\Release\net10.0-windows10.0.22621.0\win-arm64\DeskBox.Tests.dll" adapterTypeName="executor://xunit/VsTestRunner2/netcoreapp" className="DeskBox.Tests.SearchCoreNativeBackendTests" name="AbiV3RecentAndFrequentProjections_MatchManagedIndex" />
    </UnitTest>
    <UnitTest name="DeskBox.Tests.SearchCoreNativeBackendTests.Loader_RejectsMissingAbsoluteModuleWithoutChangingProductBackend" storage="c:\a\deskbox\deskbox\tests\deskbox.tests\bin\arm64\release\net10.0-windows10.0.22621.0\win-arm64\deskbox.tests.dll" id="e9de495b-8c04-ec06-3adb-5407840796f7">
      <Execution id="3e125345-9629-4a1d-9e99-6495739f279f" />
      <TestMethod codeBase="C:\a\DeskBox\DeskBox\tests\DeskBox.Tests\bin\ARM64\Release\net10.0-windows10.0.22621.0\win-arm64\DeskBox.Tests.dll" adapterTypeName="executor://xunit/VsTestRunner2/netcoreapp" className="DeskBox.Tests.SearchCoreNativeBackendTests" name="Loader_RejectsMissingAbsoluteModuleWithoutChangingProductBackend" />
    </UnitTest>
    <UnitTest name="DeskBox.Tests.Arm64NativeRuntimeGateTests.OptInGate_LoadsBothArm64ModulesAndExecutesSearchCoreProductCall" storage="c:\a\deskbox\deskbox\tests\deskbox.tests\bin\arm64\release\net10.0-windows10.0.22621.0\win-arm64\deskbox.tests.dll" id="193e6af3-fb8f-be37-8f59-2810ba66f6a6">
      <Execution id="8c442c70-1ba0-4dcb-ad35-1fd75058c389" />
      <TestMethod codeBase="C:\a\DeskBox\DeskBox\tests\DeskBox.Tests\bin\ARM64\Release\net10.0-windows10.0.22621.0\win-arm64\DeskBox.Tests.dll" adapterTypeName="executor://xunit/VsTestRunner2/netcoreapp" className="DeskBox.Tests.Arm64NativeRuntimeGateTests" name="OptInGate_LoadsBothArm64ModulesAndExecutesSearchCoreProductCall" />
    </UnitTest>
    <UnitTest name="DeskBox.Tests.SearchCoreNativeBackendTests.AbiV3SaveDbix_PersistsOnlyLiveTransactionStateAndReloads" storage="c:\a\deskbox\deskbox\tests\deskbox.tests\bin\arm64\release\net10.0-windows10.0.22621.0\win-arm64\deskbox.tests.dll" id="c69ad9c8-ec3e-c4df-ca08-40efac74da6d">
      <Execution id="7d8a96ad-5e6d-4b09-aa81-a9eda6019430" />
      <TestMethod codeBase="C:\a\DeskBox\DeskBox\tests\DeskBox.Tests\bin\ARM64\Release\net10.0-windows10.0.22621.0\win-arm64\DeskBox.Tests.dll" adapterTypeName="executor://xunit/VsTestRunner2/netcoreapp" className="DeskBox.Tests.SearchCoreNativeBackendTests" name="AbiV3SaveDbix_PersistsOnlyLiveTransactionStateAndReloads" />
    </UnitTest>
    <UnitTest name="DeskBox.Tests.SearchCoreNativeBackendTests.DbixDirectOpen_HonorsPreCancelledToken" storage="c:\a\deskbox\deskbox\tests\deskbox.tests\bin\arm64\release\net10.0-windows10.0.22621.0\win-arm64\deskbox.tests.dll" id="6d9cd821-963c-7d82-c659-5a3e550372a9">
      <Execution id="d304c4d3-d3d1-4f1b-8cc1-7817ae60e21e" />
      <TestMethod codeBase="C:\a\DeskBox\DeskBox\tests\DeskBox.Tests\bin\ARM64\Release\net10.0-windows10.0.22621.0\win-arm64\DeskBox.Tests.dll" adapterTypeName="executor://xunit/VsTestRunner2/netcoreapp" className="DeskBox.Tests.SearchCoreNativeBackendTests" name="DbixDirectOpen_HonorsPreCancelledToken" />
    </UnitTest>
    <UnitTest name="DeskBox.Tests.SearchCoreNativeBackendTests.RustBackend_MatchesCurrentManagedOrderScoresAndTextProjection" storage="c:\a\deskbox\deskbox\tests\deskbox.tests\bin\arm64\release\net10.0-windows10.0.22621.0\win-arm64\deskbox.tests.dll" id="833e7b8a-8d38-bb42-a605-72e5ed42f98e">
      <Execution id="6ad3a530-6b57-4b57-b0cb-3f725b487ece" />
      <TestMethod codeBase="C:\a\DeskBox\DeskBox\tests\DeskBox.Tests\bin\ARM64\Release\net10.0-windows10.0.22621.0\win-arm64\DeskBox.Tests.dll" adapterTypeName="executor://xunit/VsTestRunner2/netcoreapp" className="DeskBox.Tests.SearchCoreNativeBackendTests" name="RustBackend_MatchesCurrentManagedOrderScoresAndTextProjection" />
    </UnitTest>
    <UnitTest name="DeskBox.Tests.SearchCoreNativeBackendTests.Query_HonorsPreCancelledManagedTokenWithoutEnteringNativeScan" storage="c:\a\deskbox\deskbox\tests\deskbox.tests\bin\arm64\release\net10.0-windows10.0.22621.0\win-arm64\deskbox.tests.dll" id="0ad0fcf5-4634-a813-8a40-afad74776b75">
      <Execution id="a0253345-02b0-4eeb-acb8-ae708511b9f7" />
      <TestMethod codeBase="C:\a\DeskBox\DeskBox\tests\DeskBox.Tests\bin\ARM64\Release\net10.0-windows10.0.22621.0\win-arm64\DeskBox.Tests.dll" adapterTypeName="executor://xunit/VsTestRunner2/netcoreapp" className="DeskBox.Tests.SearchCoreNativeBackendTests" name="Query_HonorsPreCancelledManagedTokenWithoutEnteringNativeScan" />
    </UnitTest>
  </TestDefinitions>
  <TestEntries>
    <TestEntry testId="193e6af3-fb8f-be37-8f59-2810ba66f6a6" executionId="8c442c70-1ba0-4dcb-ad35-1fd75058c389" testListId="8c84fa94-04c1-424b-9868-57a2d4851a1d" />
    <TestEntry testId="2bccc951-a98c-9196-6f1d-28ebc909a021" executionId="9672173d-c913-41c9-a788-786273617e09" testListId="8c84fa94-04c1-424b-9868-57a2d4851a1d" />
    <TestEntry testId="e9de495b-8c04-ec06-3adb-5407840796f7" executionId="3e125345-9629-4a1d-9e99-6495739f279f" testListId="8c84fa94-04c1-424b-9868-57a2d4851a1d" />
    <TestEntry testId="c69ad9c8-ec3e-c4df-ca08-40efac74da6d" executionId="7d8a96ad-5e6d-4b09-aa81-a9eda6019430" testListId="8c84fa94-04c1-424b-9868-57a2d4851a1d" />
    <TestEntry testId="4be1dceb-506c-281d-5230-3cfd65a3c609" executionId="1f085c17-5d4d-4cee-a318-16289b62ab50" testListId="8c84fa94-04c1-424b-9868-57a2d4851a1d" />
    <TestEntry testId="0794fdda-6bba-a0a2-da1a-741da3563b26" executionId="cd7e9620-27a9-4980-8462-e832b0e337ec" testListId="8c84fa94-04c1-424b-9868-57a2d4851a1d" />
    <TestEntry testId="7a120a74-02d8-162d-d61d-8a3fa2dcba79" executionId="a6f655b4-cdcd-4c1b-a42c-718b75b4da3c" testListId="8c84fa94-04c1-424b-9868-57a2d4851a1d" />
    <TestEntry testId="b45b111c-eec5-cbec-4e43-ff0e328844aa" executionId="9ecf92f7-db5a-4ef1-ab4f-84c56da396c4" testListId="8c84fa94-04c1-424b-9868-57a2d4851a1d" />
    <TestEntry testId="6d9cd821-963c-7d82-c659-5a3e550372a9" executionId="d304c4d3-d3d1-4f1b-8cc1-7817ae60e21e" testListId="8c84fa94-04c1-424b-9868-57a2d4851a1d" />
    <TestEntry testId="0ad0fcf5-4634-a813-8a40-afad74776b75" executionId="a0253345-02b0-4eeb-acb8-ae708511b9f7" testListId="8c84fa94-04c1-424b-9868-57a2d4851a1d" />
    <TestEntry testId="833e7b8a-8d38-bb42-a605-72e5ed42f98e" executionId="6ad3a530-6b57-4b57-b0cb-3f725b487ece" testListId="8c84fa94-04c1-424b-9868-57a2d4851a1d" />
  </TestEntries>
  <TestLists>
    <TestList name="Results Not in a List" id="8c84fa94-04c1-424b-9868-57a2d4851a1d" />
    <TestList name="All Loaded Results" id="19431567-8539-422a-85d7-44ee4e166bda" />
  </TestLists>
  <ResultSummary outcome="Completed">
    <Counters total="11" executed="11" passed="11" failed="0" error="0" timeout="0" aborted="0" inconclusive="0" passedButRunAborted="0" notRunnable="0" notExecuted="0" disconnected="0" warning="0" completed="0" inProgress="0" pending="0" />
    <Output>
      <StdOut>[xUnit.net 00:00:00.00] xUnit.net VSTest Adapter v2.5.3.1+6b60a9e56a (64-bit .NET 10.0.11)&#xD;
[xUnit.net 00:00:00.21]   Discovering: DeskBox.Tests&#xD;
[xUnit.net 00:00:00.67]   Discovered:  DeskBox.Tests&#xD;
[xUnit.net 00:00:00.68]   Starting:    DeskBox.Tests&#xD;
[xUnit.net 00:00:01.07]   Finished:    DeskBox.Tests&#xD;
</StdOut>
    </Output>
    <RunInfos>
      <RunInfo computerName="runnervmg7671" outcome="Warning" timestamp="2026-08-23T14:11:59.6921589+00:00">
        <Text>Data collector 'Blame' message: All tests finished running, Sequence file will not be generated.</Text>
      </RunInfo>
    </RunInfos>
  </ResultSummary>
</TestRun>