<?xml version="1.0" encoding="utf-8"?>
<TestRun id="a6b58105-955a-46d0-9f47-4ff0b1824db1" name="runneradmin@runnervmg7671 2026-08-23 14:30:14" runUser="runnervmg7671\runneradmin" xmlns="http://microsoft.com/schemas/VisualStudio/TeamTest/2010">
  <Times creation="2026-08-23T14:30:14.7005406+00:00" queuing="2026-08-23T14:30:14.7005408+00:00" start="2026-08-23T14:30:12.7355165+00:00" finish="2026-08-23T14:30:14.7780800+00:00" />
  <TestSettings name="default" id="ee936538-9000-4596-9cb2-b563e6f955ef">
    <Deployment runDeploymentRoot="runneradmin_runnervmg7671_2026-08-23_14_30_14" />
  </TestSettings>
  <Results>
    <UnitTestResult executionId="b528b01b-dd38-49e4-b810-814dc80e6c9c" testId="e9de495b-8c04-ec06-3adb-5407840796f7" testName="DeskBox.Tests.SearchCoreNativeBackendTests.Loader_RejectsMissingAbsoluteModuleWithoutChangingProductBackend" computerName="runnervmg7671" duration="00:00:00.0007356" startTime="2026-08-23T14:30:14.5649003+00:00" endTime="2026-08-23T14:30:14.5649003+00:00" testType="13cdc9d9-ddb5-4fa4-a97d-d965ccfc6d4b" outcome="Passed" testListId="8c84fa94-04c1-424b-9868-57a2d4851a1d" relativeResultsDirectory="b528b01b-dd38-49e4-b810-814dc80e6c9c" />
    <UnitTestResult executionId="15dd7b38-dcba-42cd-a704-473457ca4dcb" testId="b45b111c-eec5-cbec-4e43-ff0e328844aa" testName="DeskBox.Tests.SearchCoreNativeBackendTests.DbixDirectOpen_MatchesManagedResultsWithoutBuildLookup" computerName="runnervmg7671" duration="00:00:00.1080786" startTime="2026-08-23T14:30:14.5557931+00:00" endTime="2026-08-23T14:30:14.5557934+00:00" testType="13cdc9d9-ddb5-4fa4-a97d-d965ccfc6d4b" outcome="Passed" testListId="8c84fa94-04c1-424b-9868-57a2d4851a1d" relativeResultsDirectory="15dd7b38-dcba-42cd-a704-473457ca4dcb" />
    <UnitTestResult executionId="263d86de-f80a-496d-99f5-3b59b22381d8" testId="0794fdda-6bba-a0a2-da1a-741da3563b26" testName="DeskBox.Tests.SearchCoreNativeBackendTests.AbiV3RecentAndFrequentProjections_MatchManagedIndex" computerName="runnervmg7671" duration="00:00:00.0239231" startTime="2026-08-23T14:30:14.6053276+00:00" endTime="2026-08-23T14:30:14.6053277+00:00" testType="13cdc9d9-ddb5-4fa4-a97d-d965ccfc6d4b" outcome="Passed" testListId="8c84fa94-04c1-424b-9868-57a2d4851a1d" relativeResultsDirectory="263d86de-f80a-496d-99f5-3b59b22381d8" />
    <UnitTestResult executionId="f8d2fc41-f31c-453d-bbf1-aa185a9c1ba8" testId="0ad0fcf5-4634-a813-8a40-afad74776b75" testName="DeskBox.Tests.SearchCoreNativeBackendTests.Query_HonorsPreCancelledManagedTokenWithoutEnteringNativeScan" computerName="runnervmg7671" duration="00:00:00.0024124" startTime="2026-08-23T14:30:14.5813094+00:00" endTime="2026-08-23T14:30:14.5813095+00:00" testType="13cdc9d9-ddb5-4fa4-a97d-d965ccfc6d4b" outcome="Passed" testListId="8c84fa94-04c1-424b-9868-57a2d4851a1d" relativeResultsDirectory="f8d2fc41-f31c-453d-bbf1-aa185a9c1ba8" />
    <UnitTestResult executionId="2c847602-f6f6-4acf-8256-5fcc09c95a59" testId="7a120a74-02d8-162d-d61d-8a3fa2dcba79" testName="DeskBox.Tests.SearchCoreNativeBackendTests.AbiV3Mutation_IsAtomicAndReconcilesStaleTreeWithoutDroppingUpsert" computerName="runnervmg7671" duration="00:00:00.0076906" startTime="2026-08-23T14:30:14.5635621+00:00" endTime="2026-08-23T14:30:14.5635622+00:00" testType="13cdc9d9-ddb5-4fa4-a97d-d965ccfc6d4b" outcome="Passed" testListId="8c84fa94-04c1-424b-9868-57a2d4851a1d" relativeResultsDirectory="2c847602-f6f6-4acf-8256-5fcc09c95a59" />
    <UnitTestResult executionId="dc855aaa-5bc4-4e48-b0c9-bcceeaa12a0c" testId="6d9cd821-963c-7d82-c659-5a3e550372a9" testName="DeskBox.Tests.SearchCoreNativeBackendTests.DbixDirectOpen_HonorsPreCancelledToken" computerName="runnervmg7671" duration="00:00:00.0028379" startTime="2026-08-23T14:30:14.6756869+00:00" endTime="2026-08-23T14:30:14.6756871+00:00" testType="13cdc9d9-ddb5-4fa4-a97d-d965ccfc6d4b" outcome="Passed" testListId="8c84fa94-04c1-424b-9868-57a2d4851a1d" relativeResultsDirectory="dc855aaa-5bc4-4e48-b0c9-bcceeaa12a0c" />
    <UnitTestResult executionId="f73242a5-6887-41f7-a1ec-d973aa8af061" testId="c69ad9c8-ec3e-c4df-ca08-40efac74da6d" testName="DeskBox.Tests.SearchCoreNativeBackendTests.AbiV3SaveDbix_PersistsOnlyLiveTransactionStateAndReloads" computerName="runnervmg7671" duration="00:00:00.0217963" startTime="2026-08-23T14:30:14.6322081+00:00" endTime="2026-08-23T14:30:14.6322083+00:00" testType="13cdc9d9-ddb5-4fa4-a97d-d965ccfc6d4b" outcome="Passed" testListId="8c84fa94-04c1-424b-9868-57a2d4851a1d" relativeResultsDirectory="f73242a5-6887-41f7-a1ec-d973aa8af061" />
    <UnitTestResult executionId="d39412c8-0ac7-4395-a639-ab9c5a6532f2" testId="833e7b8a-8d38-bb42-a605-72e5ed42f98e" testName="DeskBox.Tests.SearchCoreNativeBackendTests.RustBackend_MatchesCurrentManagedOrderScoresAndTextProjection" computerName="runnervmg7671" duration="00:00:00.0143631" startTime="2026-08-23T14:30:14.5788093+00:00" endTime="2026-08-23T14:30:14.5788095+00:00" testType="13cdc9d9-ddb5-4fa4-a97d-d965ccfc6d4b" outcome="Passed" testListId="8c84fa94-04c1-424b-9868-57a2d4851a1d" relativeResultsDirectory="d39412c8-0ac7-4395-a639-ab9c5a6532f2" />
    <UnitTestResult executionId="0cf809d0-389f-431b-8268-4859a5c47b19" testId="2bccc951-a98c-9196-6f1d-28ebc909a021" testName="DeskBox.Tests.SearchCoreNativeBackendTests.DbixFailure_NeverExposesPartialHandleOrInvalidatesOpenedIndex" computerName="runnervmg7671" duration="00:00:00.0048992" startTime="2026-08-23T14:30:14.6103170+00:00" endTime="2026-08-23T14:30:14.6103172+00:00" testType="13cdc9d9-ddb5-4fa4-a97d-d965ccfc6d4b" outcome="Passed" testListId="8c84fa94-04c1-424b-9868-57a2d4851a1d" relativeResultsDirectory="0cf809d0-389f-431b-8268-4859a5c47b19" />
    <UnitTestResult executionId="c26a970d-7c47-404f-a48a-091e5f437b35" testId="193e6af3-fb8f-be37-8f59-2810ba66f6a6" testName="DeskBox.Tests.Arm64NativeRuntimeGateTests.OptInGate_LoadsBothArm64ModulesAndExecutesSearchCoreProductCall" computerName="runnervmg7671" duration="00:00:00.0354443" startTime="2026-08-23T14:30:14.4448423+00:00" endTime="2026-08-23T14:30:14.4448689+00:00" testType="13cdc9d9-ddb5-4fa4-a97d-d965ccfc6d4b" outcome="Passed" testListId="8c84fa94-04c1-424b-9868-57a2d4851a1d" relativeResultsDirectory="c26a970d-7c47-404f-a48a-091e5f437b35" />
    <UnitTestResult executionId="c067c860-982e-43ab-bcaa-8b6388d53f4b" testId="4be1dceb-506c-281d-5230-3cfd65a3c609" testName="DeskBox.Tests.SearchCoreNativeBackendTests.SealedIndex_DeduplicatesDirectoriesAndDropsBuildOnlyLookupMemory" computerName="runnervmg7671" duration="00:00:00.0383921" startTime="2026-08-23T14:30:14.6773908+00:00" endTime="2026-08-23T14:30:14.6773909+00:00" testType="13cdc9d9-ddb5-4fa4-a97d-d965ccfc6d4b" outcome="Passed" testListId="8c84fa94-04c1-424b-9868-57a2d4851a1d" relativeResultsDirectory="c067c860-982e-43ab-bcaa-8b6388d53f4b">
      <Output>
        <StdOut>entries=20,000; directories=1; native-tracked=1,800,124; managed-full-path-utf16-floor=3,320,000; ratio=54.22%</StdOut>
      </Output>
    </UnitTestResult>
  </Results>
  <TestDefinitions>
    <UnitTest name="DeskBox.Tests.SearchCoreNativeBackendTests.DbixFailure_NeverExposesPartialHandleOrInvalidatesOpenedIndex" storage="c:\a\deskbox\deskbox\tests\deskbox.tests\bin\arm64\release\net10.0-windows10.0.22621.0\win-arm64\deskbox.tests.dll" id="2bccc951-a98c-9196-6f1d-28ebc909a021">
      <Execution id="0cf809d0-389f-431b-8268-4859a5c47b19" />
      <TestMethod codeBase="C:\a\DeskBox\DeskBox\tests\DeskBox.Tests\bin\ARM64\Release\net10.0-windows10.0.22621.0\win-arm64\DeskBox.Tests.dll" adapterTypeName="executor://xunit/VsTestRunner2/netcoreapp" className="DeskBox.Tests.SearchCoreNativeBackendTests" name="DbixFailure_NeverExposesPartialHandleOrInvalidatesOpenedIndex" />
    </UnitTest>
    <UnitTest name="DeskBox.Tests.SearchCoreNativeBackendTests.DbixDirectOpen_MatchesManagedResultsWithoutBuildLookup" storage="c:\a\deskbox\deskbox\tests\deskbox.tests\bin\arm64\release\net10.0-windows10.0.22621.0\win-arm64\deskbox.tests.dll" id="b45b111c-eec5-cbec-4e43-ff0e328844aa">
      <Execution id="15dd7b38-dcba-42cd-a704-473457ca4dcb" />
      <TestMethod codeBase="C:\a\DeskBox\DeskBox\tests\DeskBox.Tests\bin\ARM64\Release\net10.0-windows10.0.22621.0\win-arm64\DeskBox.Tests.dll" adapterTypeName="executor://xunit/VsTestRunner2/netcoreapp" className="DeskBox.Tests.SearchCoreNativeBackendTests" name="DbixDirectOpen_MatchesManagedResultsWithoutBuildLookup" />
    </UnitTest>
    <UnitTest name="DeskBox.Tests.SearchCoreNativeBackendTests.SealedIndex_DeduplicatesDirectoriesAndDropsBuildOnlyLookupMemory" storage="c:\a\deskbox\deskbox\tests\deskbox.tests\bin\arm64\release\net10.0-windows10.0.22621.0\win-arm64\deskbox.tests.dll" id="4be1dceb-506c-281d-5230-3cfd65a3c609">
      <Execution id="c067c860-982e-43ab-bcaa-8b6388d53f4b" />
      <TestMethod codeBase="C:\a\DeskBox\DeskBox\tests\DeskBox.Tests\bin\ARM64\Release\net10.0-windows10.0.22621.0\win-arm64\DeskBox.Tests.dll" adapterTypeName="executor://xunit/VsTestRunner2/netcoreapp" className="DeskBox.Tests.SearchCoreNativeBackendTests" name="SealedIndex_DeduplicatesDirectoriesAndDropsBuildOnlyLookupMemory" />
    </UnitTest>
    <UnitTest name="DeskBox.Tests.SearchCoreNativeBackendTests.AbiV3Mutation_IsAtomicAndReconcilesStaleTreeWithoutDroppingUpsert" storage="c:\a\deskbox\deskbox\tests\deskbox.tests\bin\arm64\release\net10.0-windows10.0.22621.0\win-arm64\deskbox.tests.dll" id="7a120a74-02d8-162d-d61d-8a3fa2dcba79">
      <Execution id="2c847602-f6f6-4acf-8256-5fcc09c95a59" />
      <TestMethod codeBase="C:\a\DeskBox\DeskBox\tests\DeskBox.Tests\bin\ARM64\Release\net10.0-windows10.0.22621.0\win-arm64\DeskBox.Tests.dll" adapterTypeName="executor://xunit/VsTestRunner2/netcoreapp" className="DeskBox.Tests.SearchCoreNativeBackendTests" name="AbiV3Mutation_IsAtomicAndReconcilesStaleTreeWithoutDroppingUpsert" />
    </UnitTest>
    <UnitTest name="DeskBox.Tests.SearchCoreNativeBackendTests.AbiV3RecentAndFrequentProjections_MatchManagedIndex" storage="c:\a\deskbox\deskbox\tests\deskbox.tests\bin\arm64\release\net10.0-windows10.0.22621.0\win-arm64\deskbox.tests.dll" id="0794fdda-6bba-a0a2-da1a-741da3563b26">
      <Execution id="263d86de-f80a-496d-99f5-3b59b22381d8" />
      <TestMethod codeBase="C:\a\DeskBox\DeskBox\tests\DeskBox.Tests\bin\ARM64\Release\net10.0-windows10.0.22621.0\win-arm64\DeskBox.Tests.dll" adapterTypeName="executor://xunit/VsTestRunner2/netcoreapp" className="DeskBox.Tests.SearchCoreNativeBackendTests" name="AbiV3RecentAndFrequentProjections_MatchManagedIndex" />
    </UnitTest>
    <UnitTest name="DeskBox.Tests.SearchCoreNativeBackendTests.Loader_RejectsMissingAbsoluteModuleWithoutChangingProductBackend" storage="c:\a\deskbox\deskbox\tests\deskbox.tests\bin\arm64\release\net10.0-windows10.0.22621.0\win-arm64\deskbox.tests.dll" id="e9de495b-8c04-ec06-3adb-5407840796f7">
      <Execution id="b528b01b-dd38-49e4-b810-814dc80e6c9c" />
      <TestMethod codeBase="C:\a\DeskBox\DeskBox\tests\DeskBox.Tests\bin\ARM64\Release\net10.0-windows10.0.22621.0\win-arm64\DeskBox.Tests.dll" adapterTypeName="executor://xunit/VsTestRunner2/netcoreapp" className="DeskBox.Tests.SearchCoreNativeBackendTests" name="Loader_RejectsMissingAbsoluteModuleWithoutChangingProductBackend" />
    </UnitTest>
    <UnitTest name="DeskBox.Tests.Arm64NativeRuntimeGateTests.OptInGate_LoadsBothArm64ModulesAndExecutesSearchCoreProductCall" storage="c:\a\deskbox\deskbox\tests\deskbox.tests\bin\arm64\release\net10.0-windows10.0.22621.0\win-arm64\deskbox.tests.dll" id="193e6af3-fb8f-be37-8f59-2810ba66f6a6">
      <Execution id="c26a970d-7c47-404f-a48a-091e5f437b35" />
      <TestMethod codeBase="C:\a\DeskBox\DeskBox\tests\DeskBox.Tests\bin\ARM64\Release\net10.0-windows10.0.22621.0\win-arm64\DeskBox.Tests.dll" adapterTypeName="executor://xunit/VsTestRunner2/netcoreapp" className="DeskBox.Tests.Arm64NativeRuntimeGateTests" name="OptInGate_LoadsBothArm64ModulesAndExecutesSearchCoreProductCall" />
    </UnitTest>
    <UnitTest name="DeskBox.Tests.SearchCoreNativeBackendTests.AbiV3SaveDbix_PersistsOnlyLiveTransactionStateAndReloads" storage="c:\a\deskbox\deskbox\tests\deskbox.tests\bin\arm64\release\net10.0-windows10.0.22621.0\win-arm64\deskbox.tests.dll" id="c69ad9c8-ec3e-c4df-ca08-40efac74da6d">
      <Execution id="f73242a5-6887-41f7-a1ec-d973aa8af061" />
      <TestMethod codeBase="C:\a\DeskBox\DeskBox\tests\DeskBox.Tests\bin\ARM64\Release\net10.0-windows10.0.22621.0\win-arm64\DeskBox.Tests.dll" adapterTypeName="executor://xunit/VsTestRunner2/netcoreapp" className="DeskBox.Tests.SearchCoreNativeBackendTests" name="AbiV3SaveDbix_PersistsOnlyLiveTransactionStateAndReloads" />
    </UnitTest>
    <UnitTest name="DeskBox.Tests.SearchCoreNativeBackendTests.DbixDirectOpen_HonorsPreCancelledToken" storage="c:\a\deskbox\deskbox\tests\deskbox.tests\bin\arm64\release\net10.0-windows10.0.22621.0\win-arm64\deskbox.tests.dll" id="6d9cd821-963c-7d82-c659-5a3e550372a9">
      <Execution id="dc855aaa-5bc4-4e48-b0c9-bcceeaa12a0c" />
      <TestMethod codeBase="C:\a\DeskBox\DeskBox\tests\DeskBox.Tests\bin\ARM64\Release\net10.0-windows10.0.22621.0\win-arm64\DeskBox.Tests.dll" adapterTypeName="executor://xunit/VsTestRunner2/netcoreapp" className="DeskBox.Tests.SearchCoreNativeBackendTests" name="DbixDirectOpen_HonorsPreCancelledToken" />
    </UnitTest>
    <UnitTest name="DeskBox.Tests.SearchCoreNativeBackendTests.RustBackend_MatchesCurrentManagedOrderScoresAndTextProjection" storage="c:\a\deskbox\deskbox\tests\deskbox.tests\bin\arm64\release\net10.0-windows10.0.22621.0\win-arm64\deskbox.tests.dll" id="833e7b8a-8d38-bb42-a605-72e5ed42f98e">
      <Execution id="d39412c8-0ac7-4395-a639-ab9c5a6532f2" />
      <TestMethod codeBase="C:\a\DeskBox\DeskBox\tests\DeskBox.Tests\bin\ARM64\Release\net10.0-windows10.0.22621.0\win-arm64\DeskBox.Tests.dll" adapterTypeName="executor://xunit/VsTestRunner2/netcoreapp" className="DeskBox.Tests.SearchCoreNativeBackendTests" name="RustBackend_MatchesCurrentManagedOrderScoresAndTextProjection" />
    </UnitTest>
    <UnitTest name="DeskBox.Tests.SearchCoreNativeBackendTests.Query_HonorsPreCancelledManagedTokenWithoutEnteringNativeScan" storage="c:\a\deskbox\deskbox\tests\deskbox.tests\bin\arm64\release\net10.0-windows10.0.22621.0\win-arm64\deskbox.tests.dll" id="0ad0fcf5-4634-a813-8a40-afad74776b75">
      <Execution id="f8d2fc41-f31c-453d-bbf1-aa185a9c1ba8" />
      <TestMethod codeBase="C:\a\DeskBox\DeskBox\tests\DeskBox.Tests\bin\ARM64\Release\net10.0-windows10.0.22621.0\win-arm64\DeskBox.Tests.dll" adapterTypeName="executor://xunit/VsTestRunner2/netcoreapp" className="DeskBox.Tests.SearchCoreNativeBackendTests" name="Query_HonorsPreCancelledManagedTokenWithoutEnteringNativeScan" />
    </UnitTest>
  </TestDefinitions>
  <TestEntries>
    <TestEntry testId="e9de495b-8c04-ec06-3adb-5407840796f7" executionId="b528b01b-dd38-49e4-b810-814dc80e6c9c" testListId="8c84fa94-04c1-424b-9868-57a2d4851a1d" />
    <TestEntry testId="b45b111c-eec5-cbec-4e43-ff0e328844aa" executionId="15dd7b38-dcba-42cd-a704-473457ca4dcb" testListId="8c84fa94-04c1-424b-9868-57a2d4851a1d" />
    <TestEntry testId="0794fdda-6bba-a0a2-da1a-741da3563b26" executionId="263d86de-f80a-496d-99f5-3b59b22381d8" testListId="8c84fa94-04c1-424b-9868-57a2d4851a1d" />
    <TestEntry testId="0ad0fcf5-4634-a813-8a40-afad74776b75" executionId="f8d2fc41-f31c-453d-bbf1-aa185a9c1ba8" testListId="8c84fa94-04c1-424b-9868-57a2d4851a1d" />
    <TestEntry testId="7a120a74-02d8-162d-d61d-8a3fa2dcba79" executionId="2c847602-f6f6-4acf-8256-5fcc09c95a59" testListId="8c84fa94-04c1-424b-9868-57a2d4851a1d" />
    <TestEntry testId="6d9cd821-963c-7d82-c659-5a3e550372a9" executionId="dc855aaa-5bc4-4e48-b0c9-bcceeaa12a0c" testListId="8c84fa94-04c1-424b-9868-57a2d4851a1d" />
    <TestEntry testId="c69ad9c8-ec3e-c4df-ca08-40efac74da6d" executionId="f73242a5-6887-41f7-a1ec-d973aa8af061" testListId="8c84fa94-04c1-424b-9868-57a2d4851a1d" />
    <TestEntry testId="833e7b8a-8d38-bb42-a605-72e5ed42f98e" executionId="d39412c8-0ac7-4395-a639-ab9c5a6532f2" testListId="8c84fa94-04c1-424b-9868-57a2d4851a1d" />
    <TestEntry testId="2bccc951-a98c-9196-6f1d-28ebc909a021" executionId="0cf809d0-389f-431b-8268-4859a5c47b19" testListId="8c84fa94-04c1-424b-9868-57a2d4851a1d" />
    <TestEntry testId="193e6af3-fb8f-be37-8f59-2810ba66f6a6" executionId="c26a970d-7c47-404f-a48a-091e5f437b35" testListId="8c84fa94-04c1-424b-9868-57a2d4851a1d" />
    <TestEntry testId="4be1dceb-506c-281d-5230-3cfd65a3c609" executionId="c067c860-982e-43ab-bcaa-8b6388d53f4b" testListId="8c84fa94-04c1-424b-9868-57a2d4851a1d" />
  </TestEntries>
  <TestLists>
    <TestList name="Results Not in a List" id="8c84fa94-04c1-424b-9868-57a2d4851a1d" />
    <TestList name="All Loaded Results" id="19431567-8539-422a-85d7-44ee4e166bda" />
  </TestLists>
  <ResultSummary outcome="Completed">
    <Counters total="11" executed="11" passed="11" failed="0" error="0" timeout="0" aborted="0" inconclusive="0" passedButRunAborted="0" notRunnable="0" notExecuted="0" disconnected="0" warning="0" completed="0" inProgress="0" pending="0" />
    <Output>
      <StdOut>[xUnit.net 00:00:00.00] xUnit.net VSTest Adapter v2.5.3.1+6b60a9e56a (64-bit .NET 10.0.11)&#xD;
[xUnit.net 00:00:00.22]   Discovering: DeskBox.Tests&#xD;
[xUnit.net 00:00:00.68]   Discovered:  DeskBox.Tests&#xD;
[xUnit.net 00:00:00.69]   Starting:    DeskBox.Tests&#xD;
[xUnit.net 00:00:01.00]   Finished:    DeskBox.Tests&#xD;
</StdOut>
    </Output>
    <RunInfos>
      <RunInfo computerName="runnervmg7671" outcome="Warning" timestamp="2026-08-23T14:30:14.7289963+00:00">
        <Text>Data collector 'Blame' message: All tests finished running, Sequence file will not be generated.</Text>
      </RunInfo>
    </RunInfos>
  </ResultSummary>
</TestRun>